2025-06-22 16:10:06,655 - INFO - Processed gold: 3654 rows
2025-06-22 16:10:06,661 - INFO - Processed crude_oil: 3654 rows
2025-06-22 16:10:06,668 - INFO - Processed natural_gas: 3654 rows
2025-06-22 16:10:06,668 - INFO - 
Data preprocessing complete!
2025-06-22 16:10:06,669 - INFO - gold: 2917 training samples, 730 testing samples
2025-06-22 16:10:06,669 - INFO - crude_oil: 2917 training samples, 730 testing samples
2025-06-22 16:10:06,669 - INFO - natural_gas: 2917 training samples, 730 testing samples
2025-06-22 16:12:48,289 - INFO - Running data preprocessing script
2025-06-22 16:12:48,290 - INFO - Starting data preparation pipeline
2025-06-22 16:12:48,290 - INFO - Loading data from c:\Users\user\Desktop\Predictive-Analysis-and-Forecasting-of-Commodity-Market-Dynamics\src\..\data\raw.csv
2025-06-22 16:12:48,306 - INFO - Data loaded successfully with shape (18270, 11)
2025-06-22 16:12:48,306 - INFO - Filtering for Gold, Crude Oil, and Natural Gas
2025-06-22 16:12:48,311 - INFO - Filtered data shape: (10962, 11)
2025-06-22 16:12:48,311 - INFO - Splitting data by commodity
2025-06-22 16:12:48,312 - INFO - gold data prepared with shape (3654, 7)
2025-06-22 16:12:48,313 - INFO - crude_oil data prepared with shape (3654, 7)
2025-06-22 16:12:48,314 - INFO - natural_gas data prepared with shape (3654, 7)
2025-06-22 16:12:48,315 - INFO - Starting preprocessing for XGBoost
2025-06-22 16:12:48,317 - INFO - Data after feature engineering: (3647, 13)
2025-06-22 16:12:48,320 - INFO - Train/Test split: 2917 train, 730 test
2025-06-22 16:12:48,320 - INFO - Processed gold: 3654 rows
2025-06-22 16:12:48,320 - INFO - Starting preprocessing for XGBoost
2025-06-22 16:12:48,322 - INFO - Data after feature engineering: (3647, 13)
2025-06-22 16:12:48,324 - INFO - Train/Test split: 2917 train, 730 test
2025-06-22 16:12:48,324 - INFO - Processed crude_oil: 3654 rows
2025-06-22 16:12:48,325 - INFO - Starting preprocessing for XGBoost
2025-06-22 16:12:48,327 - INFO - Data after feature engineering: (3647, 13)
2025-06-22 16:12:48,330 - INFO - Train/Test split: 2917 train, 730 test
2025-06-22 16:12:48,330 - INFO - Processed natural_gas: 3654 rows
2025-06-22 16:12:48,330 - INFO - Data preprocessing complete!
2025-06-22 16:12:48,330 - INFO - gold: 2917 training samples, 730 testing samples
2025-06-22 16:12:48,330 - INFO - crude_oil: 2917 training samples, 730 testing samples
2025-06-22 16:12:48,330 - INFO - natural_gas: 2917 training samples, 730 testing samples
2025-06-22 16:16:53,816 - INFO - Starting model training for all commodities
2025-06-22 16:16:53,817 - INFO - Starting data preparation pipeline
2025-06-22 16:16:53,817 - INFO - Loading data from c:\Users\user\Desktop\Predictive-Analysis-and-Forecasting-of-Commodity-Market-Dynamics\src\..\data\raw.csv
2025-06-22 16:16:53,833 - INFO - Data loaded successfully with shape (18270, 11)
2025-06-22 16:16:53,833 - INFO - Filtering for Gold, Crude Oil, and Natural Gas
2025-06-22 16:16:53,837 - INFO - Filtered data shape: (10962, 11)
2025-06-22 16:16:53,837 - INFO - Splitting data by commodity
2025-06-22 16:16:53,838 - INFO - gold data prepared with shape (3654, 7)
2025-06-22 16:16:53,840 - INFO - crude_oil data prepared with shape (3654, 7)
2025-06-22 16:16:53,841 - INFO - natural_gas data prepared with shape (3654, 7)
2025-06-22 16:16:53,841 - INFO - Starting preprocessing for XGBoost
2025-06-22 16:16:53,843 - INFO - Data after feature engineering: (3647, 13)
2025-06-22 16:16:53,846 - INFO - Train/Test split: 2917 train, 730 test
2025-06-22 16:16:53,846 - INFO - Processed gold: 3654 rows
2025-06-22 16:16:53,846 - INFO - Starting preprocessing for XGBoost
2025-06-22 16:16:53,848 - INFO - Data after feature engineering: (3647, 13)
2025-06-22 16:16:53,850 - INFO - Train/Test split: 2917 train, 730 test
2025-06-22 16:16:53,850 - INFO - Processed crude_oil: 3654 rows
2025-06-22 16:16:53,851 - INFO - Starting preprocessing for XGBoost
2025-06-22 16:16:53,853 - INFO - Data after feature engineering: (3647, 13)
2025-06-22 16:16:53,855 - INFO - Train/Test split: 2917 train, 730 test
2025-06-22 16:16:53,855 - INFO - Processed natural_gas: 3654 rows
2025-06-22 16:16:53,855 - INFO - Starting training for Gold
2025-06-22 16:16:53,856 - INFO - Training Gold model with parameters: {'objective': 'reg:squarederror', 'learning_rate': 0.01, 'max_depth': 5, 'n_estimators': 300, 'random_state': 42}
2025-06-22 16:16:54,069 - INFO - Gold Performance - MSE: 317410.5130, RMSE: 563.3920, MAE: 482.4985
2025-06-22 16:16:54,069 - INFO - Plotting predictions for Gold
2025-06-22 16:16:54,303 - INFO - Saved plot to c:\Users\user\Desktop\Predictive-Analysis-and-Forecasting-of-Commodity-Market-Dynamics\src\train\../../models\gold_prediction.png
2025-06-22 16:16:54,323 - INFO - Saved model to c:\Users\user\Desktop\Predictive-Analysis-and-Forecasting-of-Commodity-Market-Dynamics\src\train\../../models\gold_model.pkl
2025-06-22 16:16:54,323 - INFO - Starting training for Crude Oil
2025-06-22 16:16:54,323 - INFO - Training Crude Oil model with parameters: {'objective': 'reg:squarederror', 'learning_rate': 0.01, 'max_depth': 5, 'n_estimators': 300, 'random_state': 42}
2025-06-22 16:16:54,473 - INFO - Crude Oil Performance - MSE: 1196.4589, RMSE: 34.5899, MAE: 29.9224
2025-06-22 16:16:54,473 - INFO - Plotting predictions for Crude Oil
2025-06-22 16:16:54,634 - INFO - Saved plot to c:\Users\user\Desktop\Predictive-Analysis-and-Forecasting-of-Commodity-Market-Dynamics\src\train\../../models\crude_oil_prediction.png
2025-06-22 16:16:54,646 - INFO - Saved model to c:\Users\user\Desktop\Predictive-Analysis-and-Forecasting-of-Commodity-Market-Dynamics\src\train\../../models\crude_oil_model.pkl
2025-06-22 16:16:54,646 - INFO - Starting training for Natural Gas
2025-06-22 16:16:54,646 - INFO - Training Natural Gas model with parameters: {'objective': 'reg:squarederror', 'learning_rate': 0.01, 'max_depth': 5, 'n_estimators': 300, 'random_state': 42}
2025-06-22 16:16:54,784 - INFO - Natural Gas Performance - MSE: 321485.4631, RMSE: 566.9969, MAE: 490.5452
2025-06-22 16:16:54,784 - INFO - Plotting predictions for Natural Gas
2025-06-22 16:16:54,952 - INFO - Saved plot to c:\Users\user\Desktop\Predictive-Analysis-and-Forecasting-of-Commodity-Market-Dynamics\src\train\../../models\natural_gas_prediction.png
2025-06-22 16:16:54,963 - INFO - Saved model to c:\Users\user\Desktop\Predictive-Analysis-and-Forecasting-of-Commodity-Market-Dynamics\src\train\../../models\natural_gas_model.pkl
2025-06-22 16:16:54,963 - INFO - Training complete for all commodities
2025-06-22 16:16:54,964 - INFO - Script execution finished
2025-06-22 16:17:13,997 - INFO - Starting model training for all commodities
2025-06-22 16:17:13,997 - INFO - Starting data preparation pipeline
2025-06-22 16:17:13,997 - INFO - Loading data from c:\Users\user\Desktop\Predictive-Analysis-and-Forecasting-of-Commodity-Market-Dynamics\src\..\data\raw.csv
2025-06-22 16:17:14,014 - INFO - Data loaded successfully with shape (18270, 11)
2025-06-22 16:17:14,014 - INFO - Filtering for Gold, Crude Oil, and Natural Gas
2025-06-22 16:17:14,019 - INFO - Filtered data shape: (10962, 11)
2025-06-22 16:17:14,019 - INFO - Splitting data by commodity
2025-06-22 16:17:14,020 - INFO - gold data prepared with shape (3654, 7)
2025-06-22 16:17:14,021 - INFO - crude_oil data prepared with shape (3654, 7)
2025-06-22 16:17:14,023 - INFO - natural_gas data prepared with shape (3654, 7)
2025-06-22 16:17:14,023 - INFO - Starting preprocessing for XGBoost
2025-06-22 16:17:14,025 - INFO - Data after feature engineering: (3647, 13)
2025-06-22 16:17:14,028 - INFO - Train/Test split: 2917 train, 730 test
2025-06-22 16:17:14,028 - INFO - Processed gold: 3654 rows
2025-06-22 16:17:14,028 - INFO - Starting preprocessing for XGBoost
2025-06-22 16:17:14,031 - INFO - Data after feature engineering: (3647, 13)
2025-06-22 16:17:14,033 - INFO - Train/Test split: 2917 train, 730 test
2025-06-22 16:17:14,033 - INFO - Processed crude_oil: 3654 rows
2025-06-22 16:17:14,033 - INFO - Starting preprocessing for XGBoost
2025-06-22 16:17:14,035 - INFO - Data after feature engineering: (3647, 13)
2025-06-22 16:17:14,037 - INFO - Train/Test split: 2917 train, 730 test
2025-06-22 16:17:14,038 - INFO - Processed natural_gas: 3654 rows
2025-06-22 16:17:14,038 - INFO - Starting training for Gold
2025-06-22 16:17:14,038 - INFO - Training Gold model with parameters: {'objective': 'reg:squarederror', 'learning_rate': 0.01, 'max_depth': 5, 'n_estimators': 300, 'random_state': 42}
2025-06-22 16:17:14,297 - INFO - Gold Performance - MSE: 317410.5130, RMSE: 563.3920, MAE: 482.4985
2025-06-22 16:17:14,297 - INFO - Plotting predictions for Gold
2025-06-22 16:17:14,525 - INFO - Saved plot to c:\Users\user\Desktop\Predictive-Analysis-and-Forecasting-of-Commodity-Market-Dynamics\src\train\../../models\gold_prediction.png
2025-06-22 16:17:14,538 - INFO - Saved model to c:\Users\user\Desktop\Predictive-Analysis-and-Forecasting-of-Commodity-Market-Dynamics\src\train\../../models\gold_model.pkl
2025-06-22 16:17:14,538 - INFO - Starting training for Crude Oil
2025-06-22 16:17:14,538 - INFO - Training Crude Oil model with parameters: {'objective': 'reg:squarederror', 'learning_rate': 0.01, 'max_depth': 5, 'n_estimators': 300, 'random_state': 42}
2025-06-22 16:17:14,679 - INFO - Crude Oil Performance - MSE: 1196.4589, RMSE: 34.5899, MAE: 29.9224
2025-06-22 16:17:14,679 - INFO - Plotting predictions for Crude Oil
2025-06-22 16:17:14,843 - INFO - Saved plot to c:\Users\user\Desktop\Predictive-Analysis-and-Forecasting-of-Commodity-Market-Dynamics\src\train\../../models\crude_oil_prediction.png
2025-06-22 16:17:14,853 - INFO - Saved model to c:\Users\user\Desktop\Predictive-Analysis-and-Forecasting-of-Commodity-Market-Dynamics\src\train\../../models\crude_oil_model.pkl
2025-06-22 16:17:14,853 - INFO - Starting training for Natural Gas
2025-06-22 16:17:14,853 - INFO - Training Natural Gas model with parameters: {'objective': 'reg:squarederror', 'learning_rate': 0.01, 'max_depth': 5, 'n_estimators': 300, 'random_state': 42}
2025-06-22 16:17:14,991 - INFO - Natural Gas Performance - MSE: 321485.4631, RMSE: 566.9969, MAE: 490.5452
2025-06-22 16:17:14,991 - INFO - Plotting predictions for Natural Gas
2025-06-22 16:17:15,163 - INFO - Saved plot to c:\Users\user\Desktop\Predictive-Analysis-and-Forecasting-of-Commodity-Market-Dynamics\src\train\../../models\natural_gas_prediction.png
2025-06-22 16:17:15,173 - INFO - Saved model to c:\Users\user\Desktop\Predictive-Analysis-and-Forecasting-of-Commodity-Market-Dynamics\src\train\../../models\natural_gas_model.pkl
2025-06-22 16:17:15,173 - INFO - Training complete for all commodities
2025-06-22 16:17:15,174 - INFO - Script execution finished
2025-06-22 16:18:24,294 - INFO - Starting data preparation pipeline
2025-06-22 16:18:24,294 - INFO - Loading data from c:\Users\user\Desktop\Predictive-Analysis-and-Forecasting-of-Commodity-Market-Dynamics\src\..\data\raw.csv
2025-06-22 16:18:24,310 - INFO - Data loaded successfully with shape (18270, 11)
2025-06-22 16:18:24,310 - INFO - Filtering for Gold, Crude Oil, and Natural Gas
2025-06-22 16:18:24,315 - INFO - Filtered data shape: (10962, 11)
2025-06-22 16:18:24,315 - INFO - Splitting data by commodity
2025-06-22 16:18:24,316 - INFO - gold data prepared with shape (3654, 7)
2025-06-22 16:18:24,317 - INFO - crude_oil data prepared with shape (3654, 7)
2025-06-22 16:18:24,318 - INFO - natural_gas data prepared with shape (3654, 7)
2025-06-22 16:18:24,318 - INFO - Starting preprocessing for XGBoost
2025-06-22 16:18:24,321 - INFO - Data after feature engineering: (3647, 13)
2025-06-22 16:18:24,323 - INFO - Train/Test split: 2917 train, 730 test
2025-06-22 16:18:24,324 - INFO - Processed gold: 3654 rows
2025-06-22 16:18:24,324 - INFO - Starting preprocessing for XGBoost
2025-06-22 16:18:24,326 - INFO - Data after feature engineering: (3647, 13)
2025-06-22 16:18:24,328 - INFO - Train/Test split: 2917 train, 730 test
2025-06-22 16:18:24,328 - INFO - Processed crude_oil: 3654 rows
2025-06-22 16:18:24,328 - INFO - Starting preprocessing for XGBoost
2025-06-22 16:18:24,330 - INFO - Data after feature engineering: (3647, 13)
2025-06-22 16:18:24,333 - INFO - Train/Test split: 2917 train, 730 test
2025-06-22 16:18:24,333 - INFO - Processed natural_gas: 3654 rows
2025-06-22 16:31:54,388 - INFO - Running data preprocessing script
2025-06-22 16:31:54,389 - INFO - Starting data preparation pipeline
2025-06-22 16:31:54,389 - INFO - Loading data from c:\Users\user\Desktop\Predictive-Analysis-and-Forecasting-of-Commodity-Market-Dynamics\src\..\data\raw.csv
2025-06-22 16:31:54,405 - INFO - Data loaded successfully with shape (18270, 11)
2025-06-22 16:31:54,405 - INFO - Filtering for Gold, Crude Oil, and Natural Gas
2025-06-22 16:31:54,410 - INFO - Filtered data shape: (10962, 11)
2025-06-22 16:31:54,410 - INFO - Splitting data by commodity
2025-06-22 16:31:54,411 - INFO - gold data prepared with shape (3654, 7)
2025-06-22 16:31:54,412 - INFO - crude_oil data prepared with shape (3654, 7)
2025-06-22 16:31:54,414 - INFO - natural_gas data prepared with shape (3654, 7)
2025-06-22 16:31:54,414 - INFO - Starting preprocessing for XGBoost
2025-06-22 16:31:54,417 - INFO - Data after feature engineering: (3646, 17)
2025-06-22 16:31:54,421 - INFO - Train/Test split: 2916 train, 730 test
2025-06-22 16:31:54,421 - INFO - Processed gold: 3654 rows
2025-06-22 16:31:54,421 - INFO - Starting preprocessing for XGBoost
2025-06-22 16:31:54,425 - INFO - Data after feature engineering: (3646, 17)
2025-06-22 16:31:54,428 - INFO - Train/Test split: 2916 train, 730 test
2025-06-22 16:31:54,428 - INFO - Processed crude_oil: 3654 rows
2025-06-22 16:31:54,428 - INFO - Starting preprocessing for XGBoost
2025-06-22 16:31:54,431 - INFO - Data after feature engineering: (3646, 17)
2025-06-22 16:31:54,434 - INFO - Train/Test split: 2916 train, 730 test
2025-06-22 16:31:54,434 - INFO - Processed natural_gas: 3654 rows
2025-06-22 16:31:54,434 - INFO - Data preprocessing complete!
2025-06-22 16:31:54,434 - INFO - gold: 2916 training samples, 730 testing samples
2025-06-22 16:31:54,434 - INFO - crude_oil: 2916 training samples, 730 testing samples
2025-06-22 16:31:54,434 - INFO - natural_gas: 2916 training samples, 730 testing samples
2025-06-22 16:32:52,533 - INFO - Running data preprocessing script
2025-06-22 16:32:52,533 - INFO - Starting data preparation pipeline
2025-06-22 16:32:52,533 - INFO - Loading data from c:\Users\user\Desktop\Predictive-Analysis-and-Forecasting-of-Commodity-Market-Dynamics\src\..\data\raw.csv
2025-06-22 16:32:52,550 - INFO - Data loaded successfully with shape (18270, 11)
2025-06-22 16:32:52,550 - INFO - Filtering for Gold, Crude Oil, and Natural Gas
2025-06-22 16:32:52,556 - INFO - Filtered data shape: (10962, 11)
2025-06-22 16:32:52,556 - INFO - Splitting data by commodity
2025-06-22 16:32:52,557 - INFO - gold data prepared with shape (3654, 7)
2025-06-22 16:32:52,558 - INFO - crude_oil data prepared with shape (3654, 7)
2025-06-22 16:32:52,560 - INFO - natural_gas data prepared with shape (3654, 7)
2025-06-22 16:32:52,560 - INFO - Starting preprocessing for XGBoost
2025-06-22 16:32:52,563 - INFO - Data after feature engineering: (3646, 17)
2025-06-22 16:32:52,566 - INFO - Train/Test split: 2916 train, 730 test
2025-06-22 16:32:52,566 - INFO - Processed gold: 3654 rows
2025-06-22 16:32:52,566 - INFO - Starting preprocessing for XGBoost
2025-06-22 16:32:52,570 - INFO - Data after feature engineering: (3646, 17)
2025-06-22 16:32:52,573 - INFO - Train/Test split: 2916 train, 730 test
2025-06-22 16:32:52,573 - INFO - Processed crude_oil: 3654 rows
2025-06-22 16:32:52,573 - INFO - Starting preprocessing for XGBoost
2025-06-22 16:32:52,575 - INFO - Data after feature engineering: (3646, 17)
2025-06-22 16:32:52,578 - INFO - Train/Test split: 2916 train, 730 test
2025-06-22 16:32:52,578 - INFO - Processed natural_gas: 3654 rows
2025-06-22 16:32:52,579 - INFO - Data preprocessing complete!
2025-06-22 16:32:52,579 - INFO - gold: 2916 training samples, 730 testing samples
2025-06-22 16:32:52,579 - INFO - crude_oil: 2916 training samples, 730 testing samples
2025-06-22 16:32:52,579 - INFO - natural_gas: 2916 training samples, 730 testing samples
2025-06-22 16:33:26,170 - INFO - Running data preprocessing script
2025-06-22 16:33:26,170 - INFO - Starting data preparation pipeline
2025-06-22 16:33:26,170 - INFO - Loading data from c:\Users\user\Desktop\Predictive-Analysis-and-Forecasting-of-Commodity-Market-Dynamics\src\..\data\raw.csv
2025-06-22 16:33:26,186 - INFO - Data loaded successfully with shape (18270, 11)
2025-06-22 16:33:26,186 - INFO - Filtering for Gold, Crude Oil, and Natural Gas
2025-06-22 16:33:26,192 - INFO - Filtered data shape: (10962, 11)
2025-06-22 16:33:26,192 - INFO - Splitting data by commodity
2025-06-22 16:33:26,193 - INFO - gold data prepared with shape (3654, 7)
2025-06-22 16:33:26,195 - INFO - crude_oil data prepared with shape (3654, 7)
2025-06-22 16:33:26,196 - INFO - natural_gas data prepared with shape (3654, 7)
2025-06-22 16:33:26,196 - INFO - Starting preprocessing for XGBoost
2025-06-22 16:33:26,203 - INFO - Data after feature engineering: (3623, 40)
2025-06-22 16:33:26,208 - INFO - Train/Test split: 2898 train, 725 test
2025-06-22 16:33:26,208 - INFO - Processed gold: 3654 rows
2025-06-22 16:33:26,208 - INFO - Starting preprocessing for XGBoost
2025-06-22 16:33:26,215 - INFO - Data after feature engineering: (3623, 40)
2025-06-22 16:33:26,219 - INFO - Train/Test split: 2898 train, 725 test
2025-06-22 16:33:26,219 - INFO - Processed crude_oil: 3654 rows
2025-06-22 16:33:26,219 - INFO - Starting preprocessing for XGBoost
2025-06-22 16:33:26,226 - INFO - Data after feature engineering: (3623, 40)
2025-06-22 16:33:26,230 - INFO - Train/Test split: 2898 train, 725 test
2025-06-22 16:33:26,230 - INFO - Processed natural_gas: 3654 rows
2025-06-22 16:33:26,230 - INFO - Data preprocessing complete!
2025-06-22 16:33:26,230 - INFO - gold: 2898 training samples, 725 testing samples
2025-06-22 16:33:26,231 - INFO - crude_oil: 2898 training samples, 725 testing samples
2025-06-22 16:33:26,231 - INFO - natural_gas: 2898 training samples, 725 testing samples
2025-06-22 16:38:00,590 - INFO - Running data preprocessing script
2025-06-22 16:38:00,591 - INFO - Starting data preparation pipeline
2025-06-22 16:38:00,591 - INFO - Loading data from c:\Users\user\Desktop\Predictive-Analysis-and-Forecasting-of-Commodity-Market-Dynamics\src\..\data\raw.csv
2025-06-22 16:38:00,607 - INFO - Data loaded successfully with shape (18270, 11)
2025-06-22 16:38:00,607 - INFO - Filtering for Gold, Crude Oil, and Natural Gas
2025-06-22 16:38:00,613 - INFO - Filtered data shape: (10962, 11)
2025-06-22 16:38:00,613 - INFO - Splitting data by commodity
2025-06-22 16:38:00,615 - INFO - gold data prepared with shape (3654, 7)
2025-06-22 16:38:00,617 - INFO - crude_oil data prepared with shape (3654, 7)
2025-06-22 16:38:00,618 - INFO - natural_gas data prepared with shape (3654, 7)
2025-06-22 16:38:00,618 - INFO - Starting preprocessing for XGBoost
2025-06-22 16:38:00,630 - INFO - Data after feature engineering: (3623, 40)
2025-06-22 16:38:00,637 - INFO - Train/Test split: 2898 train, 725 test
2025-06-22 16:38:00,637 - INFO - Processed gold: 3654 rows
2025-06-22 16:38:00,637 - INFO - Starting preprocessing for XGBoost
2025-06-22 16:38:00,645 - INFO - Data after feature engineering: (3623, 40)
2025-06-22 16:38:00,650 - INFO - Train/Test split: 2898 train, 725 test
2025-06-22 16:38:00,650 - INFO - Processed crude_oil: 3654 rows
2025-06-22 16:38:00,650 - INFO - Starting preprocessing for XGBoost
2025-06-22 16:38:00,660 - INFO - Data after feature engineering: (3623, 40)
2025-06-22 16:38:00,664 - INFO - Train/Test split: 2898 train, 725 test
2025-06-22 16:38:00,664 - INFO - Processed natural_gas: 3654 rows
2025-06-22 16:38:00,665 - INFO - Data preprocessing complete!
2025-06-22 16:38:00,665 - INFO - gold: 2898 training samples, 725 testing samples
2025-06-22 16:38:00,665 - INFO - crude_oil: 2898 training samples, 725 testing samples
2025-06-22 16:38:00,665 - INFO - natural_gas: 2898 training samples, 725 testing samples
