2025-06-22 16:20:01,808 - INFO - Starting inference run
2025-06-22 16:20:01,808 - INFO - Starting data preparation pipeline
2025-06-22 16:20:01,808 - INFO - Loading data from c:\Users\user\Desktop\Predictive-Analysis-and-Forecasting-of-Commodity-Market-Dynamics\src\..\data\raw.csv
2025-06-22 16:20:01,827 - INFO - Data loaded successfully with shape (18270, 11)
2025-06-22 16:20:01,827 - INFO - Filtering for Gold, Crude Oil, and Natural Gas
2025-06-22 16:20:01,831 - INFO - Filtered data shape: (10962, 11)
2025-06-22 16:20:01,831 - INFO - Splitting data by commodity
2025-06-22 16:20:01,832 - INFO - gold data prepared with shape (3654, 7)
2025-06-22 16:20:01,840 - INFO - crude_oil data prepared with shape (3654, 7)
2025-06-22 16:20:01,842 - INFO - natural_gas data prepared with shape (3654, 7)
2025-06-22 16:20:01,842 - INFO - Starting preprocessing for XGBoost
2025-06-22 16:20:01,844 - INFO - Data after feature engineering: (3647, 13)
2025-06-22 16:20:01,847 - INFO - Train/Test split: 2917 train, 730 test
2025-06-22 16:20:01,847 - INFO - Processed gold: 3654 rows
2025-06-22 16:20:01,847 - INFO - Starting preprocessing for XGBoost
2025-06-22 16:20:01,849 - INFO - Data after feature engineering: (3647, 13)
2025-06-22 16:20:01,851 - INFO - Train/Test split: 2917 train, 730 test
2025-06-22 16:20:01,852 - INFO - Processed crude_oil: 3654 rows
2025-06-22 16:20:01,852 - INFO - Starting preprocessing for XGBoost
2025-06-22 16:20:01,854 - INFO - Data after feature engineering: (3647, 13)
2025-06-22 16:20:01,856 - INFO - Train/Test split: 2917 train, 730 test
2025-06-22 16:20:01,856 - INFO - Processed natural_gas: 3654 rows
2025-06-22 16:20:01,856 - INFO - Evaluating model for gold
2025-06-22 16:20:01,857 - INFO - Loaded model for gold from c:\Users\user\Desktop\Predictive-Analysis-and-Forecasting-of-Commodity-Market-Dynamics\src\inference\../../models\gold_model.pkl
2025-06-22 16:20:01,979 - INFO - Evaluation metrics - MSE: 317410.5130, RMSE: 563.3920, MAE: 482.4985, R2: -0.0089
2025-06-22 16:20:01,980 - INFO - Plotting test predictions for gold
2025-06-22 16:20:02,429 - INFO - Saved test predictions plot for gold to c:\Users\user\Desktop\Predictive-Analysis-and-Forecasting-of-Commodity-Market-Dynamics\src\inference\../../performance\gold_test_predictions.png
2025-06-22 16:20:02,429 - INFO - Evaluating model for crude_oil
2025-06-22 16:20:02,430 - INFO - Loaded model for crude_oil from c:\Users\user\Desktop\Predictive-Analysis-and-Forecasting-of-Commodity-Market-Dynamics\src\inference\../../models\crude_oil_model.pkl
2025-06-22 16:20:02,443 - INFO - Evaluation metrics - MSE: 1196.4589, RMSE: 34.5899, MAE: 29.9224, R2: -0.0098
2025-06-22 16:20:02,443 - INFO - Plotting test predictions for crude_oil
2025-06-22 16:20:02,837 - INFO - Saved test predictions plot for crude_oil to c:\Users\user\Desktop\Predictive-Analysis-and-Forecasting-of-Commodity-Market-Dynamics\src\inference\../../performance\crude_oil_test_predictions.png
2025-06-22 16:20:02,837 - INFO - Evaluating model for natural_gas
2025-06-22 16:20:02,838 - INFO - Loaded model for natural_gas from c:\Users\user\Desktop\Predictive-Analysis-and-Forecasting-of-Commodity-Market-Dynamics\src\inference\../../models\natural_gas_model.pkl
2025-06-22 16:20:02,848 - INFO - Evaluation metrics - MSE: 321485.4631, RMSE: 566.9969, MAE: 490.5452, R2: -0.0354
2025-06-22 16:20:02,849 - INFO - Plotting test predictions for natural_gas
2025-06-22 16:20:03,271 - INFO - Saved test predictions plot for natural_gas to c:\Users\user\Desktop\Predictive-Analysis-and-Forecasting-of-Commodity-Market-Dynamics\src\inference\../../performance\natural_gas_test_predictions.png
2025-06-22 16:20:03,444 - INFO - Saved evaluation metrics table plot to c:\Users\user\Desktop\Predictive-Analysis-and-Forecasting-of-Commodity-Market-Dynamics\src\inference\../../performance\evaluation_metrics_table.png
2025-06-22 16:20:03,449 - INFO - Saved evaluation metrics CSV to c:\Users\user\Desktop\Predictive-Analysis-and-Forecasting-of-Commodity-Market-Dynamics\src\inference\../../performance\evaluation_metrics.csv
2025-06-22 16:20:03,449 - INFO - Inference run complete
2025-06-22 16:32:06,605 - INFO - Starting inference run
2025-06-22 16:32:06,605 - INFO - Starting data preparation pipeline
2025-06-22 16:32:06,605 - INFO - Loading data from c:\Users\user\Desktop\Predictive-Analysis-and-Forecasting-of-Commodity-Market-Dynamics\src\..\data\raw.csv
2025-06-22 16:32:06,621 - INFO - Data loaded successfully with shape (18270, 11)
2025-06-22 16:32:06,621 - INFO - Filtering for Gold, Crude Oil, and Natural Gas
2025-06-22 16:32:06,626 - INFO - Filtered data shape: (10962, 11)
2025-06-22 16:32:06,626 - INFO - Splitting data by commodity
2025-06-22 16:32:06,627 - INFO - gold data prepared with shape (3654, 7)
2025-06-22 16:32:06,628 - INFO - crude_oil data prepared with shape (3654, 7)
2025-06-22 16:32:06,629 - INFO - natural_gas data prepared with shape (3654, 7)
2025-06-22 16:32:06,629 - INFO - Starting preprocessing for XGBoost
2025-06-22 16:32:06,632 - INFO - Data after feature engineering: (3646, 17)
2025-06-22 16:32:06,635 - INFO - Train/Test split: 2916 train, 730 test
2025-06-22 16:32:06,635 - INFO - Processed gold: 3654 rows
2025-06-22 16:32:06,635 - INFO - Starting preprocessing for XGBoost
2025-06-22 16:32:06,638 - INFO - Data after feature engineering: (3646, 17)
2025-06-22 16:32:06,641 - INFO - Train/Test split: 2916 train, 730 test
2025-06-22 16:32:06,641 - INFO - Processed crude_oil: 3654 rows
2025-06-22 16:32:06,641 - INFO - Starting preprocessing for XGBoost
2025-06-22 16:32:06,643 - INFO - Data after feature engineering: (3646, 17)
2025-06-22 16:32:06,645 - INFO - Train/Test split: 2916 train, 730 test
2025-06-22 16:32:06,646 - INFO - Processed natural_gas: 3654 rows
2025-06-22 16:32:06,646 - INFO - Evaluating model for gold
2025-06-22 16:32:06,646 - INFO - Loaded model for gold from c:\Users\user\Desktop\Predictive-Analysis-and-Forecasting-of-Commodity-Market-Dynamics\src\inference\../../models\gold_model.pkl
2025-06-22 16:32:06,800 - INFO - Evaluation metrics - MSE: 317290.4079, RMSE: 563.2854, MAE: 482.9325, R2: -0.0086
2025-06-22 16:32:06,800 - INFO - Plotting test predictions for gold
2025-06-22 16:32:07,236 - INFO - Saved test predictions plot for gold to c:\Users\user\Desktop\Predictive-Analysis-and-Forecasting-of-Commodity-Market-Dynamics\src\inference\../../performance\gold_test_predictions.png
2025-06-22 16:32:07,236 - INFO - Evaluating model for crude_oil
2025-06-22 16:32:07,236 - INFO - Loaded model for crude_oil from c:\Users\user\Desktop\Predictive-Analysis-and-Forecasting-of-Commodity-Market-Dynamics\src\inference\../../models\crude_oil_model.pkl
2025-06-22 16:32:07,281 - INFO - Evaluation metrics - MSE: 1193.7550, RMSE: 34.5508, MAE: 29.9149, R2: -0.0076
2025-06-22 16:32:07,281 - INFO - Plotting test predictions for crude_oil
2025-06-22 16:32:07,652 - INFO - Saved test predictions plot for crude_oil to c:\Users\user\Desktop\Predictive-Analysis-and-Forecasting-of-Commodity-Market-Dynamics\src\inference\../../performance\crude_oil_test_predictions.png
2025-06-22 16:32:07,652 - INFO - Evaluating model for natural_gas
2025-06-22 16:32:07,653 - INFO - Loaded model for natural_gas from c:\Users\user\Desktop\Predictive-Analysis-and-Forecasting-of-Commodity-Market-Dynamics\src\inference\../../models\natural_gas_model.pkl
2025-06-22 16:32:07,692 - INFO - Evaluation metrics - MSE: 321483.0312, RMSE: 566.9947, MAE: 488.8683, R2: -0.0354
2025-06-22 16:32:07,692 - INFO - Plotting test predictions for natural_gas
2025-06-22 16:32:08,080 - INFO - Saved test predictions plot for natural_gas to c:\Users\user\Desktop\Predictive-Analysis-and-Forecasting-of-Commodity-Market-Dynamics\src\inference\../../performance\natural_gas_test_predictions.png
2025-06-22 16:32:08,244 - INFO - Saved evaluation metrics table plot to c:\Users\user\Desktop\Predictive-Analysis-and-Forecasting-of-Commodity-Market-Dynamics\src\inference\../../performance\evaluation_metrics_table.png
2025-06-22 16:32:08,247 - INFO - Saved evaluation metrics CSV to c:\Users\user\Desktop\Predictive-Analysis-and-Forecasting-of-Commodity-Market-Dynamics\src\inference\../../performance\evaluation_metrics.csv
2025-06-22 16:32:08,247 - INFO - Inference run complete
2025-06-22 16:33:03,654 - INFO - Starting inference run
2025-06-22 16:33:03,654 - INFO - Starting data preparation pipeline
2025-06-22 16:33:03,654 - INFO - Loading data from c:\Users\user\Desktop\Predictive-Analysis-and-Forecasting-of-Commodity-Market-Dynamics\src\..\data\raw.csv
2025-06-22 16:33:03,671 - INFO - Data loaded successfully with shape (18270, 11)
2025-06-22 16:33:03,671 - INFO - Filtering for Gold, Crude Oil, and Natural Gas
2025-06-22 16:33:03,675 - INFO - Filtered data shape: (10962, 11)
2025-06-22 16:33:03,675 - INFO - Splitting data by commodity
2025-06-22 16:33:03,677 - INFO - gold data prepared with shape (3654, 7)
2025-06-22 16:33:03,678 - INFO - crude_oil data prepared with shape (3654, 7)
2025-06-22 16:33:03,679 - INFO - natural_gas data prepared with shape (3654, 7)
2025-06-22 16:33:03,679 - INFO - Starting preprocessing for XGBoost
2025-06-22 16:33:03,682 - INFO - Data after feature engineering: (3646, 17)
2025-06-22 16:33:03,685 - INFO - Train/Test split: 2916 train, 730 test
2025-06-22 16:33:03,686 - INFO - Processed gold: 3654 rows
2025-06-22 16:33:03,686 - INFO - Starting preprocessing for XGBoost
2025-06-22 16:33:03,689 - INFO - Data after feature engineering: (3646, 17)
2025-06-22 16:33:03,691 - INFO - Train/Test split: 2916 train, 730 test
2025-06-22 16:33:03,691 - INFO - Processed crude_oil: 3654 rows
2025-06-22 16:33:03,691 - INFO - Starting preprocessing for XGBoost
2025-06-22 16:33:03,694 - INFO - Data after feature engineering: (3646, 17)
2025-06-22 16:33:03,696 - INFO - Train/Test split: 2916 train, 730 test
2025-06-22 16:33:03,696 - INFO - Processed natural_gas: 3654 rows
2025-06-22 16:33:03,697 - INFO - Evaluating model for gold
2025-06-22 16:33:03,698 - INFO - Loaded model for gold from c:\Users\user\Desktop\Predictive-Analysis-and-Forecasting-of-Commodity-Market-Dynamics\src\inference\../../models\gold_model.pkl
2025-06-22 16:33:03,892 - INFO - Evaluation metrics - MSE: 319867.7395, RMSE: 565.5685, MAE: 484.9791, R2: -0.0167
2025-06-22 16:33:03,893 - INFO - Plotting test predictions for gold
2025-06-22 16:33:04,366 - INFO - Saved test predictions plot for gold to c:\Users\user\Desktop\Predictive-Analysis-and-Forecasting-of-Commodity-Market-Dynamics\src\inference\../../performance\gold_test_predictions.png
2025-06-22 16:33:04,366 - INFO - Evaluating model for crude_oil
2025-06-22 16:33:04,366 - INFO - Loaded model for crude_oil from c:\Users\user\Desktop\Predictive-Analysis-and-Forecasting-of-Commodity-Market-Dynamics\src\inference\../../models\crude_oil_model.pkl
2025-06-22 16:33:04,445 - INFO - Evaluation metrics - MSE: 1205.5682, RMSE: 34.7213, MAE: 30.0059, R2: -0.0175
2025-06-22 16:33:04,446 - INFO - Plotting test predictions for crude_oil
2025-06-22 16:33:04,859 - INFO - Saved test predictions plot for crude_oil to c:\Users\user\Desktop\Predictive-Analysis-and-Forecasting-of-Commodity-Market-Dynamics\src\inference\../../performance\crude_oil_test_predictions.png
2025-06-22 16:33:04,859 - INFO - Evaluating model for natural_gas
2025-06-22 16:33:04,859 - INFO - Loaded model for natural_gas from c:\Users\user\Desktop\Predictive-Analysis-and-Forecasting-of-Commodity-Market-Dynamics\src\inference\../../models\natural_gas_model.pkl
2025-06-22 16:33:04,935 - INFO - Evaluation metrics - MSE: 332199.9560, RMSE: 576.3679, MAE: 495.3096, R2: -0.0699
2025-06-22 16:33:04,936 - INFO - Plotting test predictions for natural_gas
2025-06-22 16:33:05,322 - INFO - Saved test predictions plot for natural_gas to c:\Users\user\Desktop\Predictive-Analysis-and-Forecasting-of-Commodity-Market-Dynamics\src\inference\../../performance\natural_gas_test_predictions.png
2025-06-22 16:33:05,483 - INFO - Saved evaluation metrics table plot to c:\Users\user\Desktop\Predictive-Analysis-and-Forecasting-of-Commodity-Market-Dynamics\src\inference\../../performance\evaluation_metrics_table.png
2025-06-22 16:33:05,485 - INFO - Saved evaluation metrics CSV to c:\Users\user\Desktop\Predictive-Analysis-and-Forecasting-of-Commodity-Market-Dynamics\src\inference\../../performance\evaluation_metrics.csv
2025-06-22 16:33:05,485 - INFO - Inference run complete
2025-06-22 16:33:47,026 - INFO - Starting inference run
2025-06-22 16:33:47,026 - INFO - Starting data preparation pipeline
2025-06-22 16:33:47,026 - INFO - Loading data from c:\Users\user\Desktop\Predictive-Analysis-and-Forecasting-of-Commodity-Market-Dynamics\src\..\data\raw.csv
2025-06-22 16:33:47,043 - INFO - Data loaded successfully with shape (18270, 11)
2025-06-22 16:33:47,043 - INFO - Filtering for Gold, Crude Oil, and Natural Gas
2025-06-22 16:33:47,048 - INFO - Filtered data shape: (10962, 11)
2025-06-22 16:33:47,048 - INFO - Splitting data by commodity
2025-06-22 16:33:47,050 - INFO - gold data prepared with shape (3654, 7)
2025-06-22 16:33:47,051 - INFO - crude_oil data prepared with shape (3654, 7)
2025-06-22 16:33:47,053 - INFO - natural_gas data prepared with shape (3654, 7)
2025-06-22 16:33:47,053 - INFO - Starting preprocessing for XGBoost
2025-06-22 16:33:47,060 - INFO - Data after feature engineering: (3623, 40)
2025-06-22 16:33:47,065 - INFO - Train/Test split: 2898 train, 725 test
2025-06-22 16:33:47,065 - INFO - Processed gold: 3654 rows
2025-06-22 16:33:47,065 - INFO - Starting preprocessing for XGBoost
2025-06-22 16:33:47,072 - INFO - Data after feature engineering: (3623, 40)
2025-06-22 16:33:47,076 - INFO - Train/Test split: 2898 train, 725 test
2025-06-22 16:33:47,076 - INFO - Processed crude_oil: 3654 rows
2025-06-22 16:33:47,076 - INFO - Starting preprocessing for XGBoost
2025-06-22 16:33:47,084 - INFO - Data after feature engineering: (3623, 40)
2025-06-22 16:33:47,087 - INFO - Train/Test split: 2898 train, 725 test
2025-06-22 16:33:47,087 - INFO - Processed natural_gas: 3654 rows
2025-06-22 16:33:47,088 - INFO - Evaluating model for gold
2025-06-22 16:33:47,088 - INFO - Loaded model for gold from c:\Users\user\Desktop\Predictive-Analysis-and-Forecasting-of-Commodity-Market-Dynamics\src\inference\../../models\gold_model.pkl
2025-06-22 16:33:47,315 - INFO - Evaluation metrics - MSE: 326944.2353, RMSE: 571.7904, MAE: 487.1107, R2: -0.0405
2025-06-22 16:33:47,315 - INFO - Plotting test predictions for gold
2025-06-22 16:33:47,760 - INFO - Saved test predictions plot for gold to c:\Users\user\Desktop\Predictive-Analysis-and-Forecasting-of-Commodity-Market-Dynamics\src\inference\../../performance\gold_test_predictions.png
2025-06-22 16:33:47,760 - INFO - Evaluating model for crude_oil
2025-06-22 16:33:47,760 - INFO - Loaded model for crude_oil from c:\Users\user\Desktop\Predictive-Analysis-and-Forecasting-of-Commodity-Market-Dynamics\src\inference\../../models\crude_oil_model.pkl
2025-06-22 16:33:47,882 - INFO - Evaluation metrics - MSE: 1240.2006, RMSE: 35.2165, MAE: 30.3022, R2: -0.0430
2025-06-22 16:33:47,883 - INFO - Plotting test predictions for crude_oil
2025-06-22 16:33:48,249 - INFO - Saved test predictions plot for crude_oil to c:\Users\user\Desktop\Predictive-Analysis-and-Forecasting-of-Commodity-Market-Dynamics\src\inference\../../performance\crude_oil_test_predictions.png
2025-06-22 16:33:48,249 - INFO - Evaluating model for natural_gas
2025-06-22 16:33:48,249 - INFO - Loaded model for natural_gas from c:\Users\user\Desktop\Predictive-Analysis-and-Forecasting-of-Commodity-Market-Dynamics\src\inference\../../models\natural_gas_model.pkl
2025-06-22 16:33:48,369 - INFO - Evaluation metrics - MSE: 335550.9762, RMSE: 579.2676, MAE: 495.9267, R2: -0.0768
2025-06-22 16:33:48,369 - INFO - Plotting test predictions for natural_gas
2025-06-22 16:33:48,763 - INFO - Saved test predictions plot for natural_gas to c:\Users\user\Desktop\Predictive-Analysis-and-Forecasting-of-Commodity-Market-Dynamics\src\inference\../../performance\natural_gas_test_predictions.png
2025-06-22 16:33:48,963 - INFO - Saved evaluation metrics table plot to c:\Users\user\Desktop\Predictive-Analysis-and-Forecasting-of-Commodity-Market-Dynamics\src\inference\../../performance\evaluation_metrics_table.png
2025-06-22 16:33:48,965 - INFO - Saved evaluation metrics CSV to c:\Users\user\Desktop\Predictive-Analysis-and-Forecasting-of-Commodity-Market-Dynamics\src\inference\../../performance\evaluation_metrics.csv
2025-06-22 16:33:48,965 - INFO - Inference run complete
2025-06-22 16:38:16,752 - INFO - Starting inference run
2025-06-22 16:38:16,752 - INFO - Starting data preparation pipeline
2025-06-22 16:38:16,752 - INFO - Loading data from c:\Users\user\Desktop\Predictive-Analysis-and-Forecasting-of-Commodity-Market-Dynamics\src\..\data\raw.csv
2025-06-22 16:38:16,769 - INFO - Data loaded successfully with shape (18270, 11)
2025-06-22 16:38:16,769 - INFO - Filtering for Gold, Crude Oil, and Natural Gas
2025-06-22 16:38:16,773 - INFO - Filtered data shape: (10962, 11)
2025-06-22 16:38:16,773 - INFO - Splitting data by commodity
2025-06-22 16:38:16,774 - INFO - gold data prepared with shape (3654, 7)
2025-06-22 16:38:16,775 - INFO - crude_oil data prepared with shape (3654, 7)
2025-06-22 16:38:16,776 - INFO - natural_gas data prepared with shape (3654, 7)
2025-06-22 16:38:16,776 - INFO - Starting preprocessing for XGBoost
2025-06-22 16:38:16,785 - INFO - Data after feature engineering: (3623, 40)
2025-06-22 16:38:16,788 - INFO - Train/Test split: 2898 train, 725 test
2025-06-22 16:38:16,789 - INFO - Processed gold: 3654 rows
2025-06-22 16:38:16,789 - INFO - Starting preprocessing for XGBoost
2025-06-22 16:38:16,796 - INFO - Data after feature engineering: (3623, 40)
2025-06-22 16:38:16,800 - INFO - Train/Test split: 2898 train, 725 test
2025-06-22 16:38:16,800 - INFO - Processed crude_oil: 3654 rows
2025-06-22 16:38:16,800 - INFO - Starting preprocessing for XGBoost
2025-06-22 16:38:16,807 - INFO - Data after feature engineering: (3623, 40)
2025-06-22 16:38:16,811 - INFO - Train/Test split: 2898 train, 725 test
2025-06-22 16:38:16,811 - INFO - Processed natural_gas: 3654 rows
2025-06-22 16:38:16,812 - INFO - Evaluating model for gold
2025-06-22 16:38:16,812 - INFO - Loaded model for gold from c:\Users\user\Desktop\Predictive-Analysis-and-Forecasting-of-Commodity-Market-Dynamics\src\inference\../../models\gold_model.pkl
2025-06-22 16:38:16,951 - INFO - Evaluation metrics - MSE: 326944.2353, RMSE: 571.7904, MAE: 487.1107, R2: -0.0405
2025-06-22 16:38:16,952 - INFO - Plotting test predictions for gold
2025-06-22 16:38:17,395 - INFO - Saved test predictions plot for gold to c:\Users\user\Desktop\Predictive-Analysis-and-Forecasting-of-Commodity-Market-Dynamics\src\inference\../../performance\gold_test_predictions.png
2025-06-22 16:38:17,396 - INFO - Evaluating model for crude_oil
2025-06-22 16:38:17,396 - INFO - Loaded model for crude_oil from c:\Users\user\Desktop\Predictive-Analysis-and-Forecasting-of-Commodity-Market-Dynamics\src\inference\../../models\crude_oil_model.pkl
2025-06-22 16:38:17,430 - INFO - Evaluation metrics - MSE: 1240.2006, RMSE: 35.2165, MAE: 30.3022, R2: -0.0430
2025-06-22 16:38:17,430 - INFO - Plotting test predictions for crude_oil
2025-06-22 16:38:17,814 - INFO - Saved test predictions plot for crude_oil to c:\Users\user\Desktop\Predictive-Analysis-and-Forecasting-of-Commodity-Market-Dynamics\src\inference\../../performance\crude_oil_test_predictions.png
2025-06-22 16:38:17,814 - INFO - Evaluating model for natural_gas
2025-06-22 16:38:17,815 - INFO - Loaded model for natural_gas from c:\Users\user\Desktop\Predictive-Analysis-and-Forecasting-of-Commodity-Market-Dynamics\src\inference\../../models\natural_gas_model.pkl
2025-06-22 16:38:17,848 - INFO - Evaluation metrics - MSE: 335550.9762, RMSE: 579.2676, MAE: 495.9267, R2: -0.0768
2025-06-22 16:38:17,848 - INFO - Plotting test predictions for natural_gas
2025-06-22 16:38:18,259 - INFO - Saved test predictions plot for natural_gas to c:\Users\user\Desktop\Predictive-Analysis-and-Forecasting-of-Commodity-Market-Dynamics\src\inference\../../performance\natural_gas_test_predictions.png
2025-06-22 16:38:18,424 - INFO - Saved evaluation metrics table plot to c:\Users\user\Desktop\Predictive-Analysis-and-Forecasting-of-Commodity-Market-Dynamics\src\inference\../../performance\evaluation_metrics_table.png
2025-06-22 16:38:18,426 - INFO - Saved evaluation metrics CSV to c:\Users\user\Desktop\Predictive-Analysis-and-Forecasting-of-Commodity-Market-Dynamics\src\inference\../../performance\evaluation_metrics.csv
2025-06-22 16:38:18,426 - INFO - Inference run complete
