2025-06-22 16:18:01,364 - INFO - Starting model training for all commodities
2025-06-22 16:18:01,365 - INFO - Starting data preparation pipeline
2025-06-22 16:18:01,365 - INFO - Loading data from c:\Users\user\Desktop\Predictive-Analysis-and-Forecasting-of-Commodity-Market-Dynamics\src\..\data\raw.csv
2025-06-22 16:18:01,381 - INFO - Data loaded successfully with shape (18270, 11)
2025-06-22 16:18:01,381 - INFO - Filtering for Gold, Crude Oil, and Natural Gas
2025-06-22 16:18:01,385 - INFO - Filtered data shape: (10962, 11)
2025-06-22 16:18:01,386 - INFO - Splitting data by commodity
2025-06-22 16:18:01,387 - INFO - gold data prepared with shape (3654, 7)
2025-06-22 16:18:01,388 - INFO - crude_oil data prepared with shape (3654, 7)
2025-06-22 16:18:01,390 - INFO - natural_gas data prepared with shape (3654, 7)
2025-06-22 16:18:01,390 - INFO - Starting preprocessing for XGBoost
2025-06-22 16:18:01,392 - INFO - Data after feature engineering: (3647, 13)
2025-06-22 16:18:01,395 - INFO - Train/Test split: 2917 train, 730 test
2025-06-22 16:18:01,395 - INFO - Processed gold: 3654 rows
2025-06-22 16:18:01,395 - INFO - Starting preprocessing for XGBoost
2025-06-22 16:18:01,397 - INFO - Data after feature engineering: (3647, 13)
2025-06-22 16:18:01,400 - INFO - Train/Test split: 2917 train, 730 test
2025-06-22 16:18:01,400 - INFO - Processed crude_oil: 3654 rows
2025-06-22 16:18:01,400 - INFO - Starting preprocessing for XGBoost
2025-06-22 16:18:01,402 - INFO - Data after feature engineering: (3647, 13)
2025-06-22 16:18:01,405 - INFO - Train/Test split: 2917 train, 730 test
2025-06-22 16:18:01,405 - INFO - Processed natural_gas: 3654 rows
2025-06-22 16:18:01,405 - INFO - Starting training for Gold
2025-06-22 16:18:01,405 - INFO - Training Gold model with parameters: {'objective': 'reg:squarederror', 'learning_rate': 0.01, 'max_depth': 5, 'n_estimators': 300, 'random_state': 42}
2025-06-22 16:18:01,655 - INFO - Gold Performance - MSE: 317410.5130, RMSE: 563.3920, MAE: 482.4985
2025-06-22 16:18:01,655 - INFO - Plotting predictions for Gold
2025-06-22 16:18:01,885 - INFO - Saved plot to c:\Users\user\Desktop\Predictive-Analysis-and-Forecasting-of-Commodity-Market-Dynamics\src\train\../../models\gold_prediction.png
2025-06-22 16:18:01,906 - INFO - Saved model to c:\Users\user\Desktop\Predictive-Analysis-and-Forecasting-of-Commodity-Market-Dynamics\src\train\../../models\gold_model.pkl
2025-06-22 16:18:01,906 - INFO - Starting training for Crude Oil
2025-06-22 16:18:01,906 - INFO - Training Crude Oil model with parameters: {'objective': 'reg:squarederror', 'learning_rate': 0.01, 'max_depth': 5, 'n_estimators': 300, 'random_state': 42}
2025-06-22 16:18:02,072 - INFO - Crude Oil Performance - MSE: 1196.4589, RMSE: 34.5899, MAE: 29.9224
2025-06-22 16:18:02,072 - INFO - Plotting predictions for Crude Oil
2025-06-22 16:18:02,234 - INFO - Saved plot to c:\Users\user\Desktop\Predictive-Analysis-and-Forecasting-of-Commodity-Market-Dynamics\src\train\../../models\crude_oil_prediction.png
2025-06-22 16:18:02,244 - INFO - Saved model to c:\Users\user\Desktop\Predictive-Analysis-and-Forecasting-of-Commodity-Market-Dynamics\src\train\../../models\crude_oil_model.pkl
2025-06-22 16:18:02,245 - INFO - Starting training for Natural Gas
2025-06-22 16:18:02,245 - INFO - Training Natural Gas model with parameters: {'objective': 'reg:squarederror', 'learning_rate': 0.01, 'max_depth': 5, 'n_estimators': 300, 'random_state': 42}
2025-06-22 16:18:02,407 - INFO - Natural Gas Performance - MSE: 321485.4631, RMSE: 566.9969, MAE: 490.5452
2025-06-22 16:18:02,407 - INFO - Plotting predictions for Natural Gas
2025-06-22 16:18:02,589 - INFO - Saved plot to c:\Users\user\Desktop\Predictive-Analysis-and-Forecasting-of-Commodity-Market-Dynamics\src\train\../../models\natural_gas_prediction.png
2025-06-22 16:18:02,606 - INFO - Saved model to c:\Users\user\Desktop\Predictive-Analysis-and-Forecasting-of-Commodity-Market-Dynamics\src\train\../../models\natural_gas_model.pkl
2025-06-22 16:18:02,607 - INFO - Training complete for all commodities
2025-06-22 16:18:02,607 - INFO - Script execution finished
2025-06-22 16:31:59,705 - INFO - Starting model training for all commodities
2025-06-22 16:31:59,705 - INFO - Starting data preparation pipeline
2025-06-22 16:31:59,705 - INFO - Loading data from c:\Users\user\Desktop\Predictive-Analysis-and-Forecasting-of-Commodity-Market-Dynamics\src\..\data\raw.csv
2025-06-22 16:31:59,722 - INFO - Data loaded successfully with shape (18270, 11)
2025-06-22 16:31:59,722 - INFO - Filtering for Gold, Crude Oil, and Natural Gas
2025-06-22 16:31:59,727 - INFO - Filtered data shape: (10962, 11)
2025-06-22 16:31:59,727 - INFO - Splitting data by commodity
2025-06-22 16:31:59,728 - INFO - gold data prepared with shape (3654, 7)
2025-06-22 16:31:59,729 - INFO - crude_oil data prepared with shape (3654, 7)
2025-06-22 16:31:59,731 - INFO - natural_gas data prepared with shape (3654, 7)
2025-06-22 16:31:59,731 - INFO - Starting preprocessing for XGBoost
2025-06-22 16:31:59,734 - INFO - Data after feature engineering: (3646, 17)
2025-06-22 16:31:59,737 - INFO - Train/Test split: 2916 train, 730 test
2025-06-22 16:31:59,737 - INFO - Processed gold: 3654 rows
2025-06-22 16:31:59,737 - INFO - Starting preprocessing for XGBoost
2025-06-22 16:31:59,739 - INFO - Data after feature engineering: (3646, 17)
2025-06-22 16:31:59,742 - INFO - Train/Test split: 2916 train, 730 test
2025-06-22 16:31:59,742 - INFO - Processed crude_oil: 3654 rows
2025-06-22 16:31:59,742 - INFO - Starting preprocessing for XGBoost
2025-06-22 16:31:59,744 - INFO - Data after feature engineering: (3646, 17)
2025-06-22 16:31:59,747 - INFO - Train/Test split: 2916 train, 730 test
2025-06-22 16:31:59,747 - INFO - Processed natural_gas: 3654 rows
2025-06-22 16:31:59,747 - INFO - Starting training for Gold
2025-06-22 16:31:59,747 - INFO - Training Gold model with parameters: {'objective': 'reg:squarederror', 'learning_rate': 0.01, 'max_depth': 5, 'n_estimators': 300, 'random_state': 42}
2025-06-22 16:31:59,992 - INFO - Gold Performance - MSE: 317290.4079, RMSE: 563.2854, MAE: 482.9325
2025-06-22 16:31:59,992 - INFO - Plotting predictions for Gold
2025-06-22 16:32:00,210 - INFO - Saved plot to c:\Users\user\Desktop\Predictive-Analysis-and-Forecasting-of-Commodity-Market-Dynamics\src\train\../../models\gold_prediction.png
2025-06-22 16:32:00,232 - INFO - Saved model to c:\Users\user\Desktop\Predictive-Analysis-and-Forecasting-of-Commodity-Market-Dynamics\src\train\../../models\gold_model.pkl
2025-06-22 16:32:00,232 - INFO - Starting training for Crude Oil
2025-06-22 16:32:00,232 - INFO - Training Crude Oil model with parameters: {'objective': 'reg:squarederror', 'learning_rate': 0.01, 'max_depth': 5, 'n_estimators': 300, 'random_state': 42}
2025-06-22 16:32:00,417 - INFO - Crude Oil Performance - MSE: 1193.7550, RMSE: 34.5508, MAE: 29.9149
2025-06-22 16:32:00,417 - INFO - Plotting predictions for Crude Oil
2025-06-22 16:32:00,577 - INFO - Saved plot to c:\Users\user\Desktop\Predictive-Analysis-and-Forecasting-of-Commodity-Market-Dynamics\src\train\../../models\crude_oil_prediction.png
2025-06-22 16:32:00,590 - INFO - Saved model to c:\Users\user\Desktop\Predictive-Analysis-and-Forecasting-of-Commodity-Market-Dynamics\src\train\../../models\crude_oil_model.pkl
2025-06-22 16:32:00,590 - INFO - Starting training for Natural Gas
2025-06-22 16:32:00,590 - INFO - Training Natural Gas model with parameters: {'objective': 'reg:squarederror', 'learning_rate': 0.01, 'max_depth': 5, 'n_estimators': 300, 'random_state': 42}
2025-06-22 16:32:00,752 - INFO - Natural Gas Performance - MSE: 321483.0312, RMSE: 566.9947, MAE: 488.8683
2025-06-22 16:32:00,752 - INFO - Plotting predictions for Natural Gas
2025-06-22 16:32:00,918 - INFO - Saved plot to c:\Users\user\Desktop\Predictive-Analysis-and-Forecasting-of-Commodity-Market-Dynamics\src\train\../../models\natural_gas_prediction.png
2025-06-22 16:32:00,930 - INFO - Saved model to c:\Users\user\Desktop\Predictive-Analysis-and-Forecasting-of-Commodity-Market-Dynamics\src\train\../../models\natural_gas_model.pkl
2025-06-22 16:32:00,930 - INFO - Training complete for all commodities
2025-06-22 16:32:00,930 - INFO - Script execution finished
2025-06-22 16:32:56,577 - INFO - Starting model training for all commodities
2025-06-22 16:32:56,577 - INFO - Starting data preparation pipeline
2025-06-22 16:32:56,577 - INFO - Loading data from c:\Users\user\Desktop\Predictive-Analysis-and-Forecasting-of-Commodity-Market-Dynamics\src\..\data\raw.csv
2025-06-22 16:32:56,594 - INFO - Data loaded successfully with shape (18270, 11)
2025-06-22 16:32:56,594 - INFO - Filtering for Gold, Crude Oil, and Natural Gas
2025-06-22 16:32:56,599 - INFO - Filtered data shape: (10962, 11)
2025-06-22 16:32:56,599 - INFO - Splitting data by commodity
2025-06-22 16:32:56,600 - INFO - gold data prepared with shape (3654, 7)
2025-06-22 16:32:56,601 - INFO - crude_oil data prepared with shape (3654, 7)
2025-06-22 16:32:56,602 - INFO - natural_gas data prepared with shape (3654, 7)
2025-06-22 16:32:56,602 - INFO - Starting preprocessing for XGBoost
2025-06-22 16:32:56,606 - INFO - Data after feature engineering: (3646, 17)
2025-06-22 16:32:56,609 - INFO - Train/Test split: 2916 train, 730 test
2025-06-22 16:32:56,609 - INFO - Processed gold: 3654 rows
2025-06-22 16:32:56,609 - INFO - Starting preprocessing for XGBoost
2025-06-22 16:32:56,611 - INFO - Data after feature engineering: (3646, 17)
2025-06-22 16:32:56,614 - INFO - Train/Test split: 2916 train, 730 test
2025-06-22 16:32:56,614 - INFO - Processed crude_oil: 3654 rows
2025-06-22 16:32:56,614 - INFO - Starting preprocessing for XGBoost
2025-06-22 16:32:56,616 - INFO - Data after feature engineering: (3646, 17)
2025-06-22 16:32:56,619 - INFO - Train/Test split: 2916 train, 730 test
2025-06-22 16:32:56,619 - INFO - Processed natural_gas: 3654 rows
2025-06-22 16:32:56,619 - INFO - Starting training for Gold
2025-06-22 16:32:56,619 - INFO - Training Gold model with parameters: {'objective': 'reg:squarederror', 'learning_rate': 0.01, 'max_depth': 8, 'n_estimators': 300, 'random_state': 42}
2025-06-22 16:32:57,128 - INFO - Gold Performance - MSE: 319867.7395, RMSE: 565.5685, MAE: 484.9791
2025-06-22 16:32:57,128 - INFO - Plotting predictions for Gold
2025-06-22 16:32:57,350 - INFO - Saved plot to c:\Users\user\Desktop\Predictive-Analysis-and-Forecasting-of-Commodity-Market-Dynamics\src\train\../../models\gold_prediction.png
2025-06-22 16:32:57,379 - INFO - Saved model to c:\Users\user\Desktop\Predictive-Analysis-and-Forecasting-of-Commodity-Market-Dynamics\src\train\../../models\gold_model.pkl
2025-06-22 16:32:57,379 - INFO - Starting training for Crude Oil
2025-06-22 16:32:57,379 - INFO - Training Crude Oil model with parameters: {'objective': 'reg:squarederror', 'learning_rate': 0.01, 'max_depth': 8, 'n_estimators': 300, 'random_state': 42}
2025-06-22 16:32:57,854 - INFO - Crude Oil Performance - MSE: 1205.5682, RMSE: 34.7213, MAE: 30.0059
2025-06-22 16:32:57,855 - INFO - Plotting predictions for Crude Oil
2025-06-22 16:32:58,017 - INFO - Saved plot to c:\Users\user\Desktop\Predictive-Analysis-and-Forecasting-of-Commodity-Market-Dynamics\src\train\../../models\crude_oil_prediction.png
2025-06-22 16:32:58,038 - INFO - Saved model to c:\Users\user\Desktop\Predictive-Analysis-and-Forecasting-of-Commodity-Market-Dynamics\src\train\../../models\crude_oil_model.pkl
2025-06-22 16:32:58,038 - INFO - Starting training for Natural Gas
2025-06-22 16:32:58,038 - INFO - Training Natural Gas model with parameters: {'objective': 'reg:squarederror', 'learning_rate': 0.01, 'max_depth': 8, 'n_estimators': 300, 'random_state': 42}
2025-06-22 16:32:58,495 - INFO - Natural Gas Performance - MSE: 332199.9560, RMSE: 576.3679, MAE: 495.3096
2025-06-22 16:32:58,495 - INFO - Plotting predictions for Natural Gas
2025-06-22 16:32:58,662 - INFO - Saved plot to c:\Users\user\Desktop\Predictive-Analysis-and-Forecasting-of-Commodity-Market-Dynamics\src\train\../../models\natural_gas_prediction.png
2025-06-22 16:32:58,679 - INFO - Saved model to c:\Users\user\Desktop\Predictive-Analysis-and-Forecasting-of-Commodity-Market-Dynamics\src\train\../../models\natural_gas_model.pkl
2025-06-22 16:32:58,679 - INFO - Training complete for all commodities
2025-06-22 16:32:58,680 - INFO - Script execution finished
2025-06-22 16:33:36,577 - INFO - Starting model training for all commodities
2025-06-22 16:33:36,577 - INFO - Starting data preparation pipeline
2025-06-22 16:33:36,577 - INFO - Loading data from c:\Users\user\Desktop\Predictive-Analysis-and-Forecasting-of-Commodity-Market-Dynamics\src\..\data\raw.csv
2025-06-22 16:33:36,596 - INFO - Data loaded successfully with shape (18270, 11)
2025-06-22 16:33:36,596 - INFO - Filtering for Gold, Crude Oil, and Natural Gas
2025-06-22 16:33:36,601 - INFO - Filtered data shape: (10962, 11)
2025-06-22 16:33:36,601 - INFO - Splitting data by commodity
2025-06-22 16:33:36,603 - INFO - gold data prepared with shape (3654, 7)
2025-06-22 16:33:36,604 - INFO - crude_oil data prepared with shape (3654, 7)
2025-06-22 16:33:36,605 - INFO - natural_gas data prepared with shape (3654, 7)
2025-06-22 16:33:36,605 - INFO - Starting preprocessing for XGBoost
2025-06-22 16:33:36,612 - INFO - Data after feature engineering: (3623, 40)
2025-06-22 16:33:36,616 - INFO - Train/Test split: 2898 train, 725 test
2025-06-22 16:33:36,617 - INFO - Processed gold: 3654 rows
2025-06-22 16:33:36,617 - INFO - Starting preprocessing for XGBoost
2025-06-22 16:33:36,625 - INFO - Data after feature engineering: (3623, 40)
2025-06-22 16:33:36,629 - INFO - Train/Test split: 2898 train, 725 test
2025-06-22 16:33:36,629 - INFO - Processed crude_oil: 3654 rows
2025-06-22 16:33:36,629 - INFO - Starting preprocessing for XGBoost
2025-06-22 16:33:36,639 - INFO - Data after feature engineering: (3623, 40)
2025-06-22 16:33:36,644 - INFO - Train/Test split: 2898 train, 725 test
2025-06-22 16:33:36,644 - INFO - Processed natural_gas: 3654 rows
2025-06-22 16:33:36,644 - INFO - Starting training for Gold
2025-06-22 16:33:36,644 - INFO - Training Gold model with parameters: {'objective': 'reg:squarederror', 'learning_rate': 0.01, 'max_depth': 8, 'n_estimators': 500, 'random_state': 42}
2025-06-22 16:33:38,430 - INFO - Gold Performance - MSE: 326944.2353, RMSE: 571.7904, MAE: 487.1107
2025-06-22 16:33:38,430 - INFO - Plotting predictions for Gold
2025-06-22 16:33:38,651 - INFO - Saved plot to c:\Users\user\Desktop\Predictive-Analysis-and-Forecasting-of-Commodity-Market-Dynamics\src\train\../../models\gold_prediction.png
2025-06-22 16:33:38,685 - INFO - Saved model to c:\Users\user\Desktop\Predictive-Analysis-and-Forecasting-of-Commodity-Market-Dynamics\src\train\../../models\gold_model.pkl
2025-06-22 16:33:38,685 - INFO - Starting training for Crude Oil
2025-06-22 16:33:38,685 - INFO - Training Crude Oil model with parameters: {'objective': 'reg:squarederror', 'learning_rate': 0.01, 'max_depth': 8, 'n_estimators': 500, 'random_state': 42}
2025-06-22 16:33:40,436 - INFO - Crude Oil Performance - MSE: 1240.2006, RMSE: 35.2165, MAE: 30.3022
2025-06-22 16:33:40,436 - INFO - Plotting predictions for Crude Oil
2025-06-22 16:33:40,592 - INFO - Saved plot to c:\Users\user\Desktop\Predictive-Analysis-and-Forecasting-of-Commodity-Market-Dynamics\src\train\../../models\crude_oil_prediction.png
2025-06-22 16:33:40,617 - INFO - Saved model to c:\Users\user\Desktop\Predictive-Analysis-and-Forecasting-of-Commodity-Market-Dynamics\src\train\../../models\crude_oil_model.pkl
2025-06-22 16:33:40,617 - INFO - Starting training for Natural Gas
2025-06-22 16:33:40,617 - INFO - Training Natural Gas model with parameters: {'objective': 'reg:squarederror', 'learning_rate': 0.01, 'max_depth': 8, 'n_estimators': 500, 'random_state': 42}
2025-06-22 16:33:42,462 - INFO - Natural Gas Performance - MSE: 335550.9762, RMSE: 579.2676, MAE: 495.9267
2025-06-22 16:33:42,462 - INFO - Plotting predictions for Natural Gas
2025-06-22 16:33:42,630 - INFO - Saved plot to c:\Users\user\Desktop\Predictive-Analysis-and-Forecasting-of-Commodity-Market-Dynamics\src\train\../../models\natural_gas_prediction.png
2025-06-22 16:33:42,655 - INFO - Saved model to c:\Users\user\Desktop\Predictive-Analysis-and-Forecasting-of-Commodity-Market-Dynamics\src\train\../../models\natural_gas_model.pkl
2025-06-22 16:33:42,655 - INFO - Training complete for all commodities
2025-06-22 16:33:42,656 - INFO - Script execution finished
2025-06-22 16:38:04,833 - INFO - Starting model training for all commodities
2025-06-22 16:38:04,834 - INFO - Starting data preparation pipeline
2025-06-22 16:38:04,834 - INFO - Loading data from c:\Users\user\Desktop\Predictive-Analysis-and-Forecasting-of-Commodity-Market-Dynamics\src\..\data\raw.csv
2025-06-22 16:38:04,850 - INFO - Data loaded successfully with shape (18270, 11)
2025-06-22 16:38:04,850 - INFO - Filtering for Gold, Crude Oil, and Natural Gas
2025-06-22 16:38:04,854 - INFO - Filtered data shape: (10962, 11)
2025-06-22 16:38:04,854 - INFO - Splitting data by commodity
2025-06-22 16:38:04,856 - INFO - gold data prepared with shape (3654, 7)
2025-06-22 16:38:04,857 - INFO - crude_oil data prepared with shape (3654, 7)
2025-06-22 16:38:04,858 - INFO - natural_gas data prepared with shape (3654, 7)
2025-06-22 16:38:04,858 - INFO - Starting preprocessing for XGBoost
2025-06-22 16:38:04,866 - INFO - Data after feature engineering: (3623, 40)
2025-06-22 16:38:04,871 - INFO - Train/Test split: 2898 train, 725 test
2025-06-22 16:38:04,871 - INFO - Processed gold: 3654 rows
2025-06-22 16:38:04,871 - INFO - Starting preprocessing for XGBoost
2025-06-22 16:38:04,878 - INFO - Data after feature engineering: (3623, 40)
2025-06-22 16:38:04,882 - INFO - Train/Test split: 2898 train, 725 test
2025-06-22 16:38:04,882 - INFO - Processed crude_oil: 3654 rows
2025-06-22 16:38:04,882 - INFO - Starting preprocessing for XGBoost
2025-06-22 16:38:04,889 - INFO - Data after feature engineering: (3623, 40)
2025-06-22 16:38:04,892 - INFO - Train/Test split: 2898 train, 725 test
2025-06-22 16:38:04,893 - INFO - Processed natural_gas: 3654 rows
2025-06-22 16:38:04,893 - INFO - Starting training for Gold
2025-06-22 16:38:04,893 - INFO - Training Gold model with parameters: {'objective': 'reg:squarederror', 'learning_rate': 0.01, 'max_depth': 8, 'n_estimators': 500, 'random_state': 42}
2025-06-22 16:38:07,149 - INFO - Gold Performance - MSE: 326944.2353, RMSE: 571.7904, MAE: 487.1107
2025-06-22 16:38:07,150 - INFO - Plotting predictions for Gold
2025-06-22 16:38:07,369 - INFO - Saved plot to c:\Users\user\Desktop\Predictive-Analysis-and-Forecasting-of-Commodity-Market-Dynamics\src\train\../../models\gold_prediction.png
2025-06-22 16:38:07,411 - INFO - Saved model to c:\Users\user\Desktop\Predictive-Analysis-and-Forecasting-of-Commodity-Market-Dynamics\src\train\../../models\gold_model.pkl
2025-06-22 16:38:07,412 - INFO - Starting training for Crude Oil
2025-06-22 16:38:07,412 - INFO - Training Crude Oil model with parameters: {'objective': 'reg:squarederror', 'learning_rate': 0.01, 'max_depth': 8, 'n_estimators': 500, 'random_state': 42}
2025-06-22 16:38:09,146 - INFO - Crude Oil Performance - MSE: 1240.2006, RMSE: 35.2165, MAE: 30.3022
2025-06-22 16:38:09,146 - INFO - Plotting predictions for Crude Oil
2025-06-22 16:38:09,310 - INFO - Saved plot to c:\Users\user\Desktop\Predictive-Analysis-and-Forecasting-of-Commodity-Market-Dynamics\src\train\../../models\crude_oil_prediction.png
2025-06-22 16:38:09,335 - INFO - Saved model to c:\Users\user\Desktop\Predictive-Analysis-and-Forecasting-of-Commodity-Market-Dynamics\src\train\../../models\crude_oil_model.pkl
2025-06-22 16:38:09,335 - INFO - Starting training for Natural Gas
2025-06-22 16:38:09,335 - INFO - Training Natural Gas model with parameters: {'objective': 'reg:squarederror', 'learning_rate': 0.01, 'max_depth': 8, 'n_estimators': 500, 'random_state': 42}
2025-06-22 16:38:11,146 - INFO - Natural Gas Performance - MSE: 335550.9762, RMSE: 579.2676, MAE: 495.9267
2025-06-22 16:38:11,146 - INFO - Plotting predictions for Natural Gas
2025-06-22 16:38:11,312 - INFO - Saved plot to c:\Users\user\Desktop\Predictive-Analysis-and-Forecasting-of-Commodity-Market-Dynamics\src\train\../../models\natural_gas_prediction.png
2025-06-22 16:38:11,339 - INFO - Saved model to c:\Users\user\Desktop\Predictive-Analysis-and-Forecasting-of-Commodity-Market-Dynamics\src\train\../../models\natural_gas_model.pkl
2025-06-22 16:38:11,339 - INFO - Training complete for all commodities
2025-06-22 16:38:11,339 - INFO - Script execution finished
